<?xml version="1.0" encoding="UTF-8"?>
<testsuite xmlns:xsi="http://www.w3.org/2001/XMLSchema-instance" xsi:noNamespaceSchemaLocation="https://maven.apache.org/surefire/maven-surefire-plugin/xsd/surefire-test-report.xsd" name="com.escola.aluno.domain.model.AlunoTest" time="0.156" tests="5" errors="0" skipped="0" failures="0">
  <properties>
[...]
</properties>
  <testcase name="deveBuildarAluno" classname="com.escola.aluno.domain.model.AlunoTest" time="0.146"/>
  <testcase name="naoDeveBuildarAlunoSemId" classname="com.escola.aluno.domain.model.AlunoTest$CaminhoInfelizCriacao" time="0.002"/>
  <testcase name="naoDeveBuildarAlunoSemCPF" classname="com.escola.aluno.domain.model.AlunoTest$CaminhoInfelizCriacao" time="0.001"/>
  <testcase name="naoDeveBuildarAlunoSemNome" classname="com.escola.aluno.domain.model.AlunoTest$CaminhoInfelizCriacao" time="0.001"/>
  <testcase name="naoDeveBuildarAlunoSemMatricula" classname="com.escola.aluno.domain.model.AlunoTest$CaminhoInfelizCriacao" time="0.001"/>
</testsuite>